SF:lib/Conditional_Probability/event_checkbox.dart
DA:7,3
DA:16,3
DA:26,3
DA:27,3
DA:31,3
DA:33,3
DA:34,9
DA:35,6
DA:36,6
DA:39,15
DA:40,3
DA:41,15
DA:42,3
DA:47,3
DA:48,15
LF:15
LH:15
end_of_record
SF:lib/homepage.dart
DA:14,30
DA:16,3
DA:18,6
DA:19,3
DA:21,3
DA:22,3
DA:23,3
DA:27,3
DA:29,3
DA:30,3
DA:32,3
DA:33,3
DA:34,3
DA:35,3
DA:39,3
DA:41,3
DA:42,3
DA:43,3
DA:45,3
DA:47,1
DA:48,2
DA:52,3
DA:54,3
DA:56,1
DA:57,2
DA:62,3
DA:64,3
DA:66,1
DA:67,2
LF:29
LH:29
end_of_record
SF:lib/Monty_Hall_Problem/win_rate.dart
DA:11,5
DA:15,5
DA:17,5
DA:21,5
DA:24,5
DA:25,5
DA:26,5
DA:32,5
DA:35,5
DA:36,5
DA:38,5
DA:39,5
DA:40,5
DA:41,5
DA:43,5
DA:46,20
DA:49,5
DA:51,5
DA:52,5
DA:53,5
DA:54,5
DA:57,10
DA:59,5
DA:60,5
DA:62,5
DA:63,5
DA:64,5
DA:65,10
DA:66,5
DA:67,5
DA:68,5
DA:69,5
DA:73,5
DA:74,5
DA:75,10
DA:76,5
DA:77,5
DA:78,5
DA:79,5
DA:86,5
DA:88,5
DA:89,5
DA:90,5
DA:91,5
DA:94,10
DA:96,5
DA:97,5
DA:99,5
DA:100,5
DA:101,5
DA:102,10
DA:103,5
DA:104,5
DA:105,5
DA:106,5
DA:110,5
DA:111,5
DA:112,10
DA:113,5
DA:114,5
DA:115,5
DA:116,5
DA:123,5
DA:125,5
DA:126,5
DA:127,20
DA:128,5
DA:129,5
DA:130,5
DA:131,5
DA:141,5
DA:142,10
DA:143,11
DA:144,5
DA:146,5
DA:148,4
DA:149,2
DA:150,8
DA:151,2
DA:153,6
DA:157,5
DA:158,10
DA:159,11
DA:160,5
DA:164,5
DA:165,10
DA:166,5
DA:167,8
DA:168,5
LF:89
LH:89
end_of_record
SF:lib/Monty_Hall_Problem/win_rate_bar.dart
DA:8,6
DA:11,5
DA:15,6
DA:17,6
DA:18,6
DA:19,6
DA:25,6
DA:26,6
DA:27,6
DA:30,12
DA:34,6
DA:35,24
DA:36,6
DA:37,6
DA:38,6
DA:39,6
DA:43,6
DA:46,18
DA:47,18
DA:48,1
DA:49,6
DA:50,30
LF:22
LH:22
end_of_record
SF:lib/models/monty_hall_problem/game.dart
DA:6,6
LF:1
LH:1
end_of_record
SF:lib/models/monty_hall_problem/system.dart
DA:22,6
DA:23,6
DA:24,6
DA:25,6
DA:27,6
DA:31,6
DA:32,12
DA:33,6
DA:34,6
DA:35,6
DA:38,12
DA:42,2
DA:43,4
DA:47,2
DA:48,2
DA:49,8
DA:50,2
DA:51,2
DA:53,2
DA:57,3
DA:58,6
DA:59,9
DA:61,6
DA:62,3
DA:63,6
DA:65,6
DA:66,3
DA:67,3
DA:68,6
DA:69,3
DA:70,3
DA:71,3
DA:76,3
DA:77,6
DA:78,3
DA:79,3
DA:80,3
DA:85,3
DA:86,3
DA:87,6
DA:88,6
DA:89,6
DA:90,3
DA:91,3
DA:92,3
DA:94,3
DA:98,3
DA:99,15
DA:100,6
DA:104,3
DA:105,9
DA:106,3
DA:111,2
DA:112,16
DA:116,3
DA:117,6
LF:56
LH:56
end_of_record
SF:lib/models/monty_hall_problem/door.dart
DA:14,7
LF:1
LH:1
end_of_record
SF:lib/Bayes_Theorem/bayes_example/bayes_example_data.dart
DA:12,6
DA:14,3
DA:16,6
DA:17,3
DA:18,3
DA:19,3
DA:23,3
DA:25,9
DA:28,4
DA:29,2
LF:10
LH:10
end_of_record
SF:lib/Bayes_Theorem/bayes_example/bayes_example_template.dart
DA:12,5
DA:13,5
DA:21,5
DA:23,10
DA:24,5
DA:26,5
DA:34,5
DA:35,5
DA:36,5
DA:39,5
DA:41,5
DA:44,5
DA:47,5
DA:48,5
DA:49,15
DA:50,5
DA:54,5
DA:55,5
DA:60,5
DA:61,5
DA:64,5
DA:65,5
DA:68,5
DA:69,5
DA:72,5
DA:73,5
DA:82,5
DA:83,5
DA:85,15
DA:94,5
DA:95,5
DA:97,15
DA:107,5
DA:109,5
DA:110,15
DA:128,5
DA:130,5
DA:132,5
DA:133,5
DA:134,5
DA:135,5
DA:136,15
DA:140,5
DA:142,5
DA:143,5
DA:146,5
DA:147,5
DA:149,5
DA:150,5
DA:151,5
DA:152,5
DA:154,5
DA:156,15
DA:157,5
DA:159,5
DA:160,5
DA:161,5
DA:162,5
DA:166,5
DA:171,5
DA:174,5
DA:176,5
DA:178,5
DA:179,5
DA:180,5
DA:181,5
DA:183,5
DA:185,15
DA:186,5
DA:188,5
DA:189,5
DA:190,5
DA:191,5
DA:193,5
DA:194,5
DA:195,15
DA:207,5
LF:77
LH:77
end_of_record
SF:lib/Bayes_Theorem/bayes_example/bayes_example_tree_first_question.dart
DA:13,28
DA:15,2
DA:17,2
DA:27,2
DA:29,4
DA:30,2
DA:31,2
DA:32,2
DA:33,2
DA:38,2
DA:39,2
DA:42,2
DA:49,2
DA:50,6
DA:52,2
DA:54,2
DA:55,2
DA:56,2
DA:57,2
DA:58,1
DA:60,2
DA:65,2
DA:66,1
DA:67,2
DA:68,1
DA:69,1
DA:70,1
DA:71,1
DA:76,2
DA:81,2
DA:82,1
DA:83,2
DA:84,1
DA:85,1
DA:86,1
DA:87,1
DA:88,2
DA:93,2
DA:94,2
DA:95,1
DA:97,2
DA:102,2
DA:103,1
DA:104,2
DA:105,1
DA:106,1
DA:107,1
DA:108,1
DA:114,4
LF:49
LH:49
end_of_record
SF:lib/buttons/next_button.dart
DA:6,8
DA:12,8
DA:19,8
DA:21,8
DA:22,8
DA:23,8
DA:24,8
DA:25,32
LF:8
LH:8
end_of_record
SF:lib/constants.dart
DA:45,27
DA:56,10
DA:57,11
DA:58,6
DA:59,5
DA:60,6
DA:61,5
LF:7
LH:7
end_of_record
SF:lib/font_style/title_caption.dart
DA:6,354
DA:10,3
DA:15,19
DA:17,19
DA:18,19
DA:20,95
LF:6
LH:6
end_of_record
SF:lib/helpers/navigation_helper.dart
DA:4,19
DA:5,38
DA:7,19
DA:8,18
DA:9,19
DA:10,18
DA:11,18
LF:7
LH:7
end_of_record
SF:lib/Bayes_Theorem/bayes_example/bayes_example_final.dart
DA:13,27
DA:15,0
DA:23,0
DA:25,0
DA:26,0
DA:28,0
DA:36,0
DA:38,0
DA:39,0
DA:42,0
DA:44,0
DA:47,0
DA:50,0
DA:51,0
DA:52,0
DA:53,0
DA:57,0
DA:58,0
DA:63,0
DA:64,0
DA:67,0
DA:68,0
DA:71,0
DA:72,0
DA:75,0
DA:76,0
DA:85,0
DA:86,0
DA:88,0
DA:97,0
DA:98,0
DA:100,0
DA:113,0
DA:115,0
DA:118,0
DA:119,0
DA:120,0
DA:121,0
DA:122,0
DA:126,0
DA:127,0
DA:128,0
DA:130,0
DA:131,0
DA:133,0
DA:134,0
DA:135,0
DA:136,0
DA:138,0
DA:140,0
DA:141,0
DA:143,0
DA:144,0
DA:145,0
DA:146,0
DA:150,0
DA:155,0
DA:157,0
DA:159,0
DA:161,0
DA:162,0
DA:163,0
DA:164,0
DA:166,0
DA:168,0
DA:169,0
DA:171,0
DA:172,0
DA:173,0
DA:174,0
DA:176,0
DA:178,0
DA:179,0
DA:181,0
DA:182,0
DA:183,0
DA:184,0
DA:186,0
DA:188,0
DA:189,0
DA:191,0
DA:192,0
DA:193,0
DA:194,0
DA:196,0
DA:198,0
DA:208,0
DA:210,0
DA:213,0
DA:214,0
DA:216,0
DA:218,0
DA:222,0
DA:223,0
DA:224,0
DA:229,0
DA:230,0
DA:231,0
DA:233,0
DA:234,0
DA:236,0
DA:237,0
DA:238,0
DA:239,0
DA:240,0
DA:244,0
DA:246,0
DA:247,0
DA:250,0
DA:251,0
DA:253,0
DA:254,0
DA:255,0
DA:256,0
DA:258,0
DA:259,0
DA:260,0
DA:261,0
DA:262,0
DA:264,0
DA:265,0
DA:266,0
DA:267,0
DA:271,0
DA:277,0
DA:280,0
DA:282,0
DA:284,0
DA:285,0
DA:286,0
DA:287,0
DA:289,0
DA:290,0
DA:291,0
DA:292,0
DA:293,0
DA:295,0
DA:296,0
DA:297,0
DA:298,0
DA:300,0
DA:301,0
DA:302,0
DA:303,0
DA:304,0
DA:306,0
DA:307,0
DA:308,0
DA:309,0
DA:311,0
DA:312,0
DA:313,0
DA:314,0
DA:315,0
DA:317,0
DA:318,0
DA:319,0
DA:320,0
DA:322,0
DA:324,0
DA:325,0
DA:326,0
DA:331,0
DA:346,0
DA:351,0
DA:353,0
DA:354,0
LF:167
LH:1
end_of_record
SF:lib/Bayes_Theorem/bayes_example/bayes_tree.dart
DA:12,3
DA:16,3
DA:17,3
DA:37,3
DA:39,3
DA:42,3
DA:43,3
DA:45,6
LF:8
LH:8
end_of_record
SF:lib/Bayes_Theorem/bayes_simulation.dart
DA:14,29
DA:16,2
DA:17,2
DA:25,2
DA:27,4
DA:28,4
DA:29,4
DA:30,6
DA:33,2
DA:35,6
DA:37,16
DA:38,2
DA:40,2
DA:42,2
DA:46,2
DA:47,2
DA:49,2
DA:50,0
DA:51,0
DA:53,2
DA:56,2
DA:57,2
DA:64,2
DA:65,2
DA:66,2
DA:69,2
DA:72,2
DA:75,2
DA:78,2
DA:81,6
DA:88,2
DA:90,2
DA:91,2
DA:92,2
DA:94,2
DA:95,2
DA:96,6
DA:97,2
DA:103,2
DA:104,2
DA:107,4
DA:108,0
DA:109,0
DA:110,0
DA:115,2
DA:116,6
DA:117,2
DA:123,2
DA:124,2
DA:127,4
DA:128,0
DA:129,0
DA:130,0
DA:135,2
DA:136,6
DA:137,2
DA:143,2
DA:144,2
DA:147,4
DA:148,0
DA:149,0
DA:150,0
DA:159,2
DA:161,2
DA:164,2
DA:165,2
DA:168,6
DA:172,2
DA:174,2
DA:175,2
DA:176,2
DA:177,2
DA:178,2
DA:179,2
DA:181,2
DA:182,2
DA:183,2
DA:184,2
DA:186,6
DA:187,2
DA:188,2
DA:189,2
LF:82
LH:71
end_of_record
SF:lib/buttons/back_home_button.dart
DA:8,271
DA:12,0
DA:17,20
DA:19,20
DA:20,1
DA:21,2
DA:22,2
DA:24,20
DA:25,20
DA:26,80
LF:10
LH:9
end_of_record
SF:lib/font_style/heading.dart
DA:6,216
DA:10,0
DA:15,19
DA:17,19
DA:18,19
DA:19,19
DA:20,19
DA:21,19
DA:22,38
LF:9
LH:8
end_of_record
SF:lib/Bayes_Theorem/bayes_example/bayes_example_quiz_one.dart
DA:13,2
DA:15,2
DA:24,2
DA:26,2
DA:28,2
DA:39,2
DA:40,2
DA:41,2
DA:44,2
DA:46,2
DA:49,2
DA:52,2
DA:54,6
DA:57,2
DA:58,2
DA:60,6
DA:69,2
DA:70,2
DA:72,6
DA:86,2
DA:87,6
DA:89,2
DA:91,2
DA:92,2
DA:93,2
DA:98,2
DA:99,1
DA:100,2
DA:101,1
DA:102,1
DA:103,1
DA:104,2
DA:105,1
DA:109,2
DA:110,2
DA:111,1
DA:113,2
DA:118,2
DA:119,1
DA:120,2
DA:121,1
DA:122,1
DA:123,1
DA:129,4
LF:44
LH:44
end_of_record
SF:lib/Bayes_Theorem/bayes_example/bayes_example_tree_second_question.dart
DA:13,28
DA:15,2
DA:17,2
DA:27,2
DA:29,4
DA:30,2
DA:31,2
DA:32,2
DA:33,2
DA:38,2
DA:39,2
DA:42,2
DA:49,2
DA:50,6
DA:52,2
DA:54,2
DA:55,2
DA:56,2
DA:57,2
DA:58,1
DA:60,2
DA:65,2
DA:66,1
DA:67,2
DA:68,1
DA:69,1
DA:70,1
DA:71,1
DA:76,2
DA:81,2
DA:82,1
DA:83,2
DA:84,1
DA:85,1
DA:86,1
DA:87,1
DA:88,2
DA:93,2
DA:94,2
DA:95,1
DA:97,2
DA:102,2
DA:103,1
DA:104,2
DA:105,1
DA:106,1
DA:107,1
DA:108,1
DA:114,4
LF:49
LH:49
end_of_record
SF:lib/Bayes_Theorem/bayes_example/tree.dart
DA:10,3
DA:12,3
DA:14,6
DA:16,18
DA:19,2
DA:25,3
DA:27,3
DA:28,3
DA:30,18
DA:31,6
DA:36,3
DA:38,3
DA:39,21
DA:41,3
DA:42,3
DA:43,3
DA:44,15
DA:45,9
DA:48,3
DA:49,3
DA:50,3
DA:51,15
DA:52,9
LF:23
LH:23
end_of_record
SF:lib/Bayes_Theorem/bayes_formula.dart
DA:12,1
DA:13,1
DA:29,1
DA:31,1
DA:33,1
DA:37,1
DA:38,1
DA:40,1
DA:41,0
DA:42,0
DA:44,1
DA:47,1
DA:48,1
DA:55,1
DA:56,1
DA:57,1
DA:59,1
DA:61,1
DA:63,1
DA:64,1
DA:65,1
DA:66,1
DA:76,1
DA:78,1
DA:79,1
DA:82,1
DA:83,1
DA:85,3
DA:87,1
DA:89,1
DA:90,1
DA:91,1
DA:93,1
DA:94,1
DA:95,1
DA:96,1
DA:100,1
DA:101,1
DA:103,1
DA:109,2
DA:112,0
DA:113,0
DA:115,0
DA:116,0
DA:117,0
DA:122,1
DA:123,1
DA:124,1
DA:125,1
DA:127,1
DA:128,1
DA:129,1
DA:133,1
DA:134,1
DA:136,1
DA:142,2
DA:145,0
DA:146,0
DA:148,0
DA:149,0
DA:150,0
DA:157,1
DA:159,1
DA:161,1
DA:162,1
DA:163,1
DA:164,1
DA:165,1
DA:167,1
DA:168,1
DA:169,1
DA:170,1
DA:174,1
DA:175,1
DA:177,1
DA:184,2
DA:187,0
DA:188,0
DA:190,0
DA:191,0
DA:192,0
DA:198,1
DA:199,1
DA:200,1
DA:201,1
DA:203,1
DA:204,1
DA:205,1
DA:206,1
DA:210,1
DA:211,1
DA:213,1
DA:220,2
DA:223,0
DA:224,0
DA:226,0
DA:227,0
DA:228,0
DA:234,1
DA:235,1
DA:236,1
DA:237,1
DA:239,1
DA:240,1
DA:241,1
DA:242,1
DA:244,1
DA:245,1
DA:246,1
DA:247,1
DA:249,1
DA:250,1
DA:251,1
DA:252,1
DA:256,1
DA:257,1
DA:259,1
DA:266,2
DA:269,0
DA:270,0
DA:271,0
DA:273,0
DA:274,0
DA:275,0
DA:281,1
DA:282,1
DA:283,1
DA:284,1
DA:286,1
DA:287,1
DA:288,1
DA:289,1
DA:293,1
DA:294,1
DA:296,1
DA:303,2
DA:306,0
DA:307,0
DA:308,0
DA:310,0
DA:311,0
DA:312,0
DA:318,1
DA:319,1
DA:320,1
DA:321,1
DA:331,1
DA:333,1
DA:335,1
DA:336,1
DA:337,1
DA:338,2
DA:339,3
DA:341,2
DA:342,3
DA:344,1
DA:345,1
DA:346,2
DA:347,3
DA:349,2
DA:350,3
DA:352,1
DA:353,1
DA:354,2
DA:355,3
DA:357,2
DA:358,3
DA:360,1
DA:361,1
DA:362,2
DA:363,3
DA:365,2
DA:366,3
LF:173
LH:139
end_of_record
SF:lib/Bayes_Theorem/bayes_home.dart
DA:15,28
DA:17,2
DA:19,4
DA:20,2
DA:22,2
DA:23,2
DA:24,2
DA:28,2
DA:30,2
DA:31,2
DA:33,2
DA:34,2
DA:35,2
DA:36,2
DA:39,2
DA:41,2
DA:42,2
DA:43,2
DA:45,2
DA:47,1
DA:48,3
DA:55,2
DA:57,2
DA:59,1
DA:60,2
DA:61,1
DA:68,2
DA:70,2
DA:72,1
DA:73,2
DA:74,1
LF:31
LH:31
end_of_record
SF:lib/buttons/main_page_button.dart
DA:8,6
DA:14,6
DA:21,6
DA:23,6
DA:24,6
DA:25,6
DA:26,6
DA:28,6
DA:29,6
DA:30,6
DA:32,12
DA:33,6
DA:34,6
DA:35,6
DA:36,12
LF:15
LH:15
end_of_record
SF:lib/Conditional_Probability/conditional_probability_template.dart
DA:12,8
DA:16,8
DA:18,8
DA:20,16
DA:21,8
DA:23,8
DA:31,8
DA:32,8
DA:33,8
DA:36,8
DA:37,8
DA:44,8
DA:45,8
DA:46,8
DA:48,24
DA:52,8
DA:53,8
DA:55,24
DA:64,8
DA:65,8
DA:67,24
DA:76,8
DA:77,8
DA:79,24
DA:89,8
DA:93,16
DA:94,8
DA:95,16
DA:101,8
LF:29
LH:29
end_of_record
SF:lib/Conditional_Probability/cp_condition_event.dart
DA:12,2
DA:14,2
DA:16,2
DA:25,2
DA:27,4
DA:28,2
DA:29,2
DA:31,2
DA:32,4
DA:33,4
DA:34,2
DA:36,2
DA:37,2
DA:41,2
DA:43,2
DA:44,12
DA:45,2
DA:47,2
DA:48,2
DA:49,2
DA:50,2
DA:56,2
DA:58,2
DA:59,2
DA:60,2
DA:62,2
DA:63,2
DA:64,2
DA:65,4
DA:70,2
DA:72,2
DA:73,2
DA:74,2
DA:75,4
DA:80,2
DA:82,2
DA:83,2
DA:84,2
DA:85,4
DA:99,1
DA:100,2
DA:101,1
DA:102,2
DA:103,4
DA:104,2
DA:105,4
DA:106,2
DA:107,4
LF:48
LH:48
end_of_record
SF:lib/Conditional_Probability/cp_main_sample_space.dart
DA:13,3
DA:16,2
DA:18,2
DA:27,2
DA:29,4
DA:30,2
DA:31,2
DA:33,2
DA:34,6
DA:35,2
DA:37,2
DA:39,2
DA:41,2
DA:43,2
DA:45,2
DA:46,2
DA:47,2
DA:50,2
DA:54,11
DA:55,2
DA:56,2
DA:57,2
DA:58,2
DA:63,2
DA:64,2
DA:67,2
DA:69,2
DA:74,2
DA:76,4
DA:77,1
DA:78,1
DA:80,2
DA:91,1
DA:92,3
DA:93,1
DA:94,2
DA:95,2
DA:97,2
DA:98,2
DA:100,1
DA:101,2
DA:104,1
LF:42
LH:42
end_of_record
SF:lib/Conditional_Probability/sample_space_button.dart
DA:7,10
DA:12,9
DA:18,9
DA:20,9
DA:21,9
DA:22,18
DA:23,9
DA:24,9
DA:25,9
DA:26,18
LF:10
LH:10
end_of_record
SF:lib/models/conditional_probability/probability_query.dart
DA:10,7
DA:14,4
DA:15,4
DA:18,5
DA:19,1
DA:21,3
DA:22,15
DA:23,3
DA:27,2
DA:32,4
DA:33,4
DA:36,5
DA:37,1
DA:39,4
DA:40,20
DA:41,4
DA:45,1
LF:17
LH:17
end_of_record
SF:lib/Conditional_Probability/cp_condition_sample_space.dart
DA:14,2
DA:17,2
DA:19,2
DA:28,2
DA:30,4
DA:31,2
DA:32,2
DA:34,2
DA:35,6
DA:36,2
DA:38,2
DA:40,2
DA:42,2
DA:44,2
DA:46,2
DA:47,2
DA:48,2
DA:50,2
DA:54,2
DA:55,9
DA:56,2
DA:57,2
DA:58,2
DA:59,2
DA:64,2
DA:67,2
DA:68,2
DA:73,2
DA:75,4
DA:76,1
DA:77,1
DA:79,2
DA:90,1
DA:91,3
DA:92,1
DA:93,2
DA:94,2
DA:96,2
DA:97,2
DA:99,1
DA:100,2
DA:103,1
LF:42
LH:42
end_of_record
SF:lib/Conditional_Probability/cp_venn_diagram_caption.dart
DA:13,2
DA:16,2
DA:18,2
DA:24,2
DA:26,4
DA:27,2
DA:28,2
DA:30,2
DA:31,4
DA:32,4
DA:33,2
DA:35,2
DA:37,2
DA:42,2
DA:44,6
DA:47,2
DA:48,1
DA:49,2
DA:51,1
DA:52,2
LF:20
LH:20
end_of_record
SF:lib/Conditional_Probability/cp_formula_solution.dart
DA:16,0
DA:19,0
DA:21,0
DA:28,0
DA:30,0
DA:31,0
DA:32,0
DA:33,0
DA:34,0
DA:35,0
DA:36,0
DA:37,0
DA:39,0
DA:40,0
DA:41,0
DA:43,0
DA:44,0
DA:45,0
DA:46,0
DA:48,0
DA:50,0
DA:51,0
DA:53,0
DA:55,0
DA:56,0
DA:58,0
DA:59,0
DA:61,0
DA:64,0
DA:66,0
DA:69,0
DA:71,0
DA:73,0
DA:74,0
DA:76,0
DA:78,0
DA:79,0
DA:80,0
DA:81,0
DA:82,0
DA:83,0
DA:85,0
DA:87,0
DA:89,0
DA:90,0
DA:91,0
DA:92,0
DA:93,0
DA:94,0
DA:96,0
DA:98,0
DA:103,0
DA:104,0
DA:105,0
DA:110,0
DA:114,0
DA:115,0
DA:119,0
DA:120,0
DA:121,0
DA:122,0
DA:129,0
DA:131,0
DA:132,0
LF:64
LH:0
end_of_record
SF:lib/Conditional_Probability/venn_diagram.dart
DA:8,2
DA:10,2
DA:12,2
DA:14,2
DA:17,2
DA:18,4
DA:28,2
DA:47,2
DA:49,4
DA:50,6
DA:51,4
DA:52,4
DA:53,4
DA:56,2
DA:57,2
DA:59,2
DA:62,2
DA:63,2
DA:65,2
DA:68,2
DA:69,10
DA:71,2
DA:75,2
DA:77,2
DA:78,2
DA:79,4
DA:80,2
DA:81,2
DA:82,4
DA:84,4
DA:86,6
DA:87,6
DA:88,6
DA:91,4
DA:93,4
DA:94,2
DA:98,2
DA:99,6
DA:102,2
DA:103,6
DA:106,2
DA:107,6
DA:110,2
DA:111,2
DA:112,2
DA:113,2
DA:115,2
DA:116,10
DA:117,12
DA:118,2
DA:119,10
DA:120,12
DA:123,0
DA:126,2
DA:127,2
DA:128,2
DA:130,10
DA:138,2
DA:140,6
DA:141,2
DA:144,2
DA:146,6
DA:148,1
DA:150,2
LF:64
LH:63
end_of_record
SF:lib/Conditional_Probability/cp_home.dart
DA:13,29
DA:15,0
DA:17,3
DA:19,6
DA:20,3
DA:21,3
DA:23,3
DA:24,6
DA:25,6
DA:26,3
DA:28,3
DA:29,3
DA:35,3
DA:36,0
DA:37,0
LF:15
LH:12
end_of_record
SF:lib/Conditional_Probability/cp_main_event.dart
DA:13,1
DA:15,1
DA:24,1
DA:26,2
DA:27,1
DA:28,1
DA:30,1
DA:31,2
DA:32,2
DA:33,1
DA:35,1
DA:36,1
DA:40,1
DA:42,1
DA:44,1
DA:46,1
DA:47,1
DA:48,1
DA:49,1
DA:55,1
DA:57,1
DA:58,1
DA:59,1
DA:61,1
DA:62,1
DA:63,1
DA:64,2
DA:68,1
DA:70,1
DA:71,1
DA:72,1
DA:73,2
DA:77,1
DA:79,1
DA:80,1
DA:81,1
DA:82,2
DA:95,1
DA:96,2
DA:97,1
DA:98,2
DA:99,4
DA:100,2
DA:101,4
DA:102,2
DA:103,4
LF:46
LH:46
end_of_record
SF:lib/Conditional_Probability/cp_venn_diagram.dart
DA:17,1
DA:19,1
DA:21,1
DA:28,1
DA:30,2
DA:31,1
DA:32,1
DA:34,1
DA:35,2
DA:36,2
DA:37,1
DA:39,1
DA:41,1
DA:42,3
DA:43,1
DA:45,1
DA:46,1
DA:47,3
DA:48,5
DA:49,1
DA:50,1
DA:51,1
DA:52,1
DA:53,4
DA:54,6
DA:55,1
DA:56,1
DA:57,1
DA:58,1
DA:59,4
DA:63,1
DA:64,0
DA:66,0
DA:67,0
LF:34
LH:31
end_of_record
SF:lib/Conditional_Probability/cp_venn_solution.dart
DA:15,0
DA:18,0
DA:20,0
DA:27,0
DA:29,0
DA:30,0
DA:31,0
DA:32,0
DA:33,0
DA:34,0
DA:35,0
DA:36,0
DA:38,0
DA:39,0
DA:40,0
DA:42,0
DA:43,0
DA:44,0
DA:45,0
DA:47,0
DA:49,0
DA:50,0
DA:52,0
DA:54,0
DA:57,0
DA:58,0
DA:60,0
DA:62,0
DA:63,0
DA:64,0
DA:65,0
DA:66,0
DA:67,0
DA:70,0
DA:71,0
DA:72,0
DA:73,0
DA:74,0
DA:75,0
DA:78,0
DA:79,0
DA:80,0
DA:81,0
DA:82,0
DA:83,0
DA:89,0
DA:90,0
DA:92,0
DA:93,0
LF:49
LH:0
end_of_record
SF:lib/Monty_Hall_Problem/door.dart
DA:8,5
DA:12,5
DA:17,5
DA:19,5
DA:20,5
DA:21,5
DA:23,5
DA:24,5
DA:28,5
DA:29,15
DA:30,5
DA:31,5
DA:32,5
DA:39,23
DA:41,5
DA:45,5
DA:46,15
DA:56,3
DA:57,9
DA:58,1
DA:64,3
DA:73,5
DA:74,5
DA:76,3
DA:77,3
DA:79,3
DA:84,5
DA:85,5
DA:87,3
LF:29
LH:29
end_of_record
SF:lib/Monty_Hall_Problem/dropdown_selection.dart
DA:8,5
DA:15,5
DA:23,5
DA:25,5
DA:26,5
DA:27,5
DA:33,5
DA:34,5
DA:35,5
DA:40,5
DA:42,5
LF:11
LH:11
end_of_record
SF:lib/Monty_Hall_Problem/monty_hall_game.dart
DA:23,3
DA:24,3
DA:26,3
DA:28,3
DA:29,3
DA:33,3
DA:35,6
DA:36,3
DA:38,3
DA:42,3
DA:43,3
DA:45,3
DA:46,3
DA:47,3
DA:48,1
DA:49,3
DA:51,3
DA:54,3
DA:55,3
DA:67,3
DA:68,3
DA:69,3
DA:72,3
DA:74,3
DA:77,3
DA:79,9
DA:83,3
DA:86,3
DA:88,12
DA:89,3
DA:90,3
DA:92,9
DA:98,3
DA:112,3
DA:113,12
DA:114,3
DA:115,6
DA:117,4
DA:118,1
DA:120,1
DA:121,1
DA:123,4
DA:126,1
DA:128,1
DA:129,1
DA:131,0
DA:132,0
DA:133,0
DA:140,1
DA:142,1
DA:143,2
DA:144,3
DA:153,1
DA:155,1
DA:156,1
DA:157,4
DA:160,4
DA:163,1
DA:165,1
DA:166,2
DA:167,3
DA:177,1
DA:178,2
DA:179,3
DA:184,3
DA:186,9
DA:188,3
DA:191,12
DA:192,2
DA:196,3
LF:70
LH:67
end_of_record
SF:lib/Monty_Hall_Problem/monty_hall_simulation.dart
DA:20,4
DA:21,4
DA:22,4
DA:24,4
DA:25,4
DA:40,4
DA:42,8
DA:43,4
DA:45,4
DA:49,4
DA:50,4
DA:52,4
DA:53,4
DA:54,4
DA:55,1
DA:56,3
DA:58,4
DA:61,4
DA:62,4
DA:74,4
DA:75,4
DA:76,4
DA:79,4
DA:81,4
DA:84,4
DA:86,12
DA:90,4
DA:93,4
DA:95,16
DA:96,4
DA:97,4
DA:99,12
DA:105,4
DA:106,1
DA:115,4
DA:116,4
DA:122,4
DA:124,4
DA:127,4
DA:128,4
DA:130,4
DA:131,12
DA:132,4
DA:134,4
DA:135,4
DA:136,4
DA:137,4
DA:138,4
DA:139,4
DA:142,4
DA:143,0
DA:145,0
DA:146,0
DA:154,4
DA:156,4
DA:157,12
DA:158,4
DA:160,4
DA:161,4
DA:162,4
DA:163,4
DA:164,4
DA:165,4
DA:168,4
DA:169,0
DA:170,0
DA:172,0
DA:181,4
DA:182,1
DA:183,2
DA:184,1
DA:186,1
DA:187,2
DA:188,2
DA:189,1
DA:192,4
DA:196,4
DA:197,4
DA:199,4
DA:201,4
DA:202,4
DA:203,4
DA:204,4
DA:218,4
DA:219,12
DA:223,0
DA:224,0
DA:228,4
DA:230,12
DA:232,4
DA:237,4
DA:241,1
DA:242,2
DA:243,2
DA:244,3
DA:247,1
DA:249,2
DA:251,3
DA:253,0
DA:257,1
DA:259,2
DA:260,3
LF:102
LH:93
end_of_record
SF:lib/buttons/monty_hall_button.dart
DA:7,2
DA:13,2
DA:20,2
DA:22,2
DA:23,2
DA:24,2
DA:25,2
DA:27,2
DA:28,2
DA:29,2
DA:31,4
DA:32,2
DA:33,2
DA:34,2
DA:35,4
LF:15
LH:15
end_of_record
SF:lib/Monty_Hall_Problem/monty_hall_home.dart
DA:14,28
DA:16,2
DA:18,4
DA:19,2
DA:21,2
DA:22,2
DA:23,2
DA:27,2
DA:29,2
DA:30,2
DA:32,2
DA:33,2
DA:34,2
DA:35,2
DA:39,2
DA:41,2
DA:42,2
DA:43,2
DA:45,2
DA:47,1
DA:48,3
DA:52,2
DA:54,2
DA:56,1
DA:57,3
LF:25
LH:25
end_of_record
SF:lib/models/conditional_probability/event.dart
DA:9,8
LF:1
LH:1
end_of_record
