SF:lib/models/conditional_probability/event.dart
DA:9,3
LF:1
LH:1
end_of_record
SF:lib/models/conditional_probability/probability_query.dart
DA:10,3
DA:14,1
DA:15,1
DA:18,5
DA:19,1
DA:21,1
DA:22,5
DA:23,1
DA:27,0
DA:32,1
DA:33,1
DA:36,5
DA:37,1
DA:39,1
DA:40,5
DA:41,1
DA:45,0
LF:17
LH:15
end_of_record
SF:lib/models/monty_hall_problem/door.dart
DA:14,5
LF:1
LH:1
end_of_record
SF:lib/models/monty_hall_problem/game.dart
DA:6,4
LF:1
LH:1
end_of_record
SF:lib/models/monty_hall_problem/system.dart
DA:22,4
DA:23,4
DA:24,4
DA:25,4
DA:27,4
DA:31,4
DA:32,8
DA:33,4
DA:34,4
DA:35,4
DA:38,8
DA:42,1
DA:43,2
DA:47,1
DA:48,1
DA:49,4
DA:50,1
DA:51,1
DA:53,1
DA:57,1
DA:58,2
DA:59,3
DA:61,2
DA:62,1
DA:63,2
DA:65,2
DA:66,1
DA:67,1
DA:68,2
DA:69,1
DA:70,1
DA:71,1
DA:76,1
DA:77,2
DA:78,1
DA:79,1
DA:80,1
DA:85,1
DA:86,1
DA:87,2
DA:88,2
DA:89,2
DA:90,1
DA:91,1
DA:92,1
DA:94,1
DA:98,1
DA:99,5
DA:100,2
DA:104,1
DA:105,3
DA:106,1
DA:111,1
DA:112,8
DA:116,1
DA:117,2
LF:56
LH:56
end_of_record
SF:lib/Monty_Hall_Problem/win_rate.dart
DA:11,3
DA:15,3
DA:17,3
DA:21,3
DA:24,3
DA:25,3
DA:26,3
DA:32,3
DA:35,3
DA:36,3
DA:38,3
DA:39,3
DA:40,3
DA:41,3
DA:43,3
DA:46,12
DA:49,3
DA:51,3
DA:52,3
DA:53,3
DA:54,3
DA:57,6
DA:59,3
DA:60,3
DA:62,3
DA:63,3
DA:64,3
DA:65,6
DA:66,3
DA:67,3
DA:68,3
DA:69,3
DA:73,3
DA:74,3
DA:75,6
DA:76,3
DA:77,3
DA:78,3
DA:79,3
DA:86,3
DA:88,3
DA:89,3
DA:90,3
DA:91,3
DA:94,6
DA:96,3
DA:97,3
DA:99,3
DA:100,3
DA:101,3
DA:102,6
DA:103,3
DA:104,3
DA:105,3
DA:106,3
DA:110,3
DA:111,3
DA:112,6
DA:113,3
DA:114,3
DA:115,3
DA:116,3
DA:123,3
DA:125,3
DA:126,3
DA:127,12
DA:128,3
DA:129,3
DA:130,3
DA:131,3
DA:141,3
DA:142,6
DA:143,3
DA:144,3
DA:146,3
DA:148,0
DA:149,0
DA:150,0
DA:151,0
DA:153,0
DA:157,3
DA:158,6
DA:159,3
DA:160,3
DA:164,3
DA:165,6
DA:166,3
DA:167,0
DA:168,3
LF:89
LH:83
end_of_record
SF:lib/Monty_Hall_Problem/win_rate_bar.dart
DA:8,4
DA:11,3
DA:15,4
DA:17,4
DA:18,4
DA:19,4
DA:25,4
DA:26,4
DA:27,4
DA:30,8
DA:34,4
DA:35,16
DA:36,4
DA:37,4
DA:38,4
DA:39,4
DA:43,4
DA:46,12
DA:47,12
DA:48,0
DA:49,4
DA:50,20
LF:22
LH:21
end_of_record
SF:lib/Bayes_Theorem/bayes_example/bayes_example_data.dart
DA:12,2
DA:14,1
DA:16,2
DA:17,1
DA:18,1
DA:19,1
DA:23,1
DA:25,3
DA:28,1
DA:29,0
LF:10
LH:9
end_of_record
SF:lib/Bayes_Theorem/bayes_example/bayes_example_template.dart
DA:12,1
DA:13,1
DA:21,1
DA:23,2
DA:24,1
DA:26,1
DA:34,1
DA:35,1
DA:36,1
DA:39,1
DA:41,1
DA:44,1
DA:47,1
DA:48,1
DA:49,3
DA:50,1
DA:54,1
DA:55,1
DA:60,1
DA:61,1
DA:64,1
DA:65,1
DA:68,1
DA:69,1
DA:72,1
DA:73,1
DA:82,1
DA:83,1
DA:85,3
DA:94,1
DA:95,1
DA:97,3
DA:107,1
DA:109,1
DA:110,3
DA:128,1
DA:130,1
DA:132,1
DA:133,1
DA:134,1
DA:135,1
DA:136,3
DA:140,1
DA:142,1
DA:143,1
DA:146,1
DA:147,1
DA:149,1
DA:150,1
DA:151,1
DA:152,1
DA:154,1
DA:156,3
DA:157,1
DA:159,1
DA:160,1
DA:161,1
DA:162,1
DA:166,1
DA:171,1
DA:174,1
DA:176,1
DA:178,1
DA:179,1
DA:180,1
DA:181,1
DA:183,1
DA:185,3
DA:186,1
DA:188,1
DA:189,1
DA:190,1
DA:191,1
DA:193,1
DA:194,1
DA:195,3
DA:207,1
LF:77
LH:77
end_of_record
SF:lib/Bayes_Theorem/bayes_example/bayes_example_tree_first_question.dart
DA:13,16
DA:15,0
DA:17,0
DA:27,0
DA:29,0
DA:30,0
DA:31,0
DA:32,0
DA:33,0
DA:38,0
DA:39,0
DA:42,0
DA:49,0
DA:50,0
DA:52,0
DA:54,0
DA:55,0
DA:56,0
DA:57,0
DA:58,0
DA:60,0
DA:65,0
DA:66,0
DA:67,0
DA:68,0
DA:69,0
DA:70,0
DA:71,0
DA:76,0
DA:81,0
DA:82,0
DA:83,0
DA:84,0
DA:85,0
DA:86,0
DA:87,0
DA:88,0
DA:93,0
DA:94,0
DA:95,0
DA:97,0
DA:102,0
DA:103,0
DA:104,0
DA:105,0
DA:106,0
DA:107,0
DA:108,0
DA:114,0
LF:49
LH:1
end_of_record
SF:lib/buttons/next_button.dart
DA:6,4
DA:12,4
DA:19,4
DA:21,4
DA:22,4
DA:23,4
DA:24,4
DA:25,16
LF:8
LH:8
end_of_record
SF:lib/constants.dart
DA:45,15
DA:56,2
DA:57,1
DA:58,0
DA:59,0
DA:60,0
DA:61,0
LF:7
LH:3
end_of_record
SF:lib/font_style/title_caption.dart
DA:6,209
DA:10,1
DA:15,9
DA:17,9
DA:18,9
DA:20,45
LF:6
LH:6
end_of_record
SF:lib/helpers/navigation_helper.dart
DA:4,8
DA:5,16
DA:7,8
DA:8,8
DA:9,8
DA:10,8
DA:11,8
LF:7
LH:7
end_of_record
SF:lib/Bayes_Theorem/bayes_example/bayes_example_final.dart
DA:13,16
DA:15,0
DA:23,0
DA:25,0
DA:26,0
DA:28,0
DA:36,0
DA:37,0
DA:38,0
DA:41,0
DA:43,0
DA:46,0
DA:49,0
DA:50,0
DA:51,0
DA:52,0
DA:56,0
DA:57,0
DA:62,0
DA:63,0
DA:66,0
DA:67,0
DA:70,0
DA:71,0
DA:74,0
DA:75,0
DA:84,0
DA:85,0
DA:87,0
DA:96,0
DA:97,0
DA:99,0
DA:112,0
DA:114,0
DA:115,0
DA:116,0
DA:117,0
DA:118,0
DA:122,0
DA:123,0
DA:124,0
DA:126,0
DA:127,0
DA:129,0
DA:130,0
DA:131,0
DA:132,0
DA:134,0
DA:135,0
DA:136,0
DA:138,0
DA:139,0
DA:140,0
DA:141,0
DA:145,0
DA:150,0
DA:152,0
DA:154,0
DA:156,0
DA:157,0
DA:158,0
DA:159,0
DA:161,0
DA:162,0
DA:163,0
DA:165,0
DA:166,0
DA:167,0
DA:168,0
DA:170,0
DA:171,0
DA:172,0
DA:174,0
DA:175,0
DA:176,0
DA:177,0
DA:179,0
DA:180,0
DA:181,0
DA:183,0
DA:184,0
DA:185,0
DA:186,0
DA:188,0
DA:190,0
DA:199,0
DA:201,0
DA:202,0
DA:204,0
DA:206,0
DA:209,0
DA:210,0
DA:211,0
DA:214,0
DA:215,0
DA:216,0
DA:217,0
DA:218,0
DA:219,0
DA:220,0
DA:221,0
DA:222,0
DA:223,0
DA:227,0
DA:228,0
DA:229,0
DA:230,0
DA:231,0
DA:233,0
DA:234,0
DA:235,0
DA:236,0
DA:238,0
DA:239,0
DA:240,0
DA:241,0
DA:242,0
DA:244,0
DA:245,0
DA:246,0
DA:247,0
DA:251,0
DA:257,0
DA:258,0
DA:260,0
DA:262,0
DA:263,0
DA:264,0
DA:265,0
DA:267,0
DA:268,0
DA:269,0
DA:270,0
DA:271,0
DA:273,0
DA:274,0
DA:275,0
DA:276,0
DA:278,0
DA:279,0
DA:280,0
DA:281,0
DA:282,0
DA:284,0
DA:285,0
DA:286,0
DA:287,0
DA:289,0
DA:290,0
DA:291,0
DA:292,0
DA:293,0
DA:295,0
DA:296,0
DA:297,0
DA:298,0
DA:300,0
DA:302,0
DA:303,0
DA:304,0
DA:309,0
DA:322,0
DA:326,0
DA:328,0
DA:329,0
LF:165
LH:1
end_of_record
SF:lib/Bayes_Theorem/bayes_example/bayes_tree.dart
DA:12,0
DA:16,0
DA:17,0
DA:37,0
DA:39,0
DA:42,0
DA:43,0
DA:45,0
LF:8
LH:0
end_of_record
SF:lib/Bayes_Theorem/bayes_simulation.dart
DA:14,17
DA:16,1
DA:17,1
DA:25,1
DA:27,1
LF:5
LH:5
end_of_record
SF:lib/buttons/back_home_button.dart
DA:8,161
DA:12,0
DA:17,10
DA:19,10
DA:20,1
DA:21,2
DA:22,2
DA:24,10
DA:25,10
DA:26,40
LF:10
LH:9
end_of_record
SF:lib/font_style/heading.dart
DA:6,128
DA:10,0
DA:15,9
DA:17,9
DA:18,9
DA:19,9
DA:20,9
DA:21,9
DA:22,18
LF:9
LH:8
end_of_record
SF:lib/Bayes_Theorem/bayes_example/bayes_example_quiz_one.dart
DA:13,1
DA:15,1
DA:24,1
DA:26,1
DA:28,1
DA:39,1
DA:40,1
DA:41,1
DA:44,1
DA:46,1
DA:49,1
DA:52,1
DA:54,3
DA:57,1
DA:58,1
DA:60,3
DA:69,1
DA:70,1
DA:72,3
DA:86,1
DA:87,3
DA:89,1
DA:91,1
DA:92,1
DA:93,1
DA:98,1
DA:99,0
DA:100,0
DA:101,0
DA:102,0
DA:103,0
DA:104,0
DA:105,0
DA:109,1
DA:110,1
DA:111,0
DA:113,1
DA:118,1
DA:119,0
DA:120,0
DA:121,0
DA:122,0
DA:123,0
DA:129,2
LF:44
LH:31
end_of_record
SF:lib/Bayes_Theorem/bayes_example/bayes_example_tree_second_question.dart
DA:13,16
DA:15,0
DA:17,0
DA:27,0
DA:29,0
DA:30,0
DA:31,0
DA:32,0
DA:33,0
DA:38,0
DA:39,0
DA:42,0
DA:49,0
DA:50,0
DA:52,0
DA:54,0
DA:55,0
DA:56,0
DA:57,0
DA:58,0
DA:60,0
DA:65,0
DA:66,0
DA:67,0
DA:68,0
DA:69,0
DA:70,0
DA:71,0
DA:76,0
DA:81,0
DA:82,0
DA:83,0
DA:84,0
DA:85,0
DA:86,0
DA:87,0
DA:88,0
DA:93,0
DA:94,0
DA:95,0
DA:97,0
DA:102,0
DA:103,0
DA:104,0
DA:105,0
DA:106,0
DA:107,0
DA:108,0
DA:114,0
LF:49
LH:1
end_of_record
SF:lib/Bayes_Theorem/bayes_example/tree.dart
DA:10,0
DA:12,0
DA:14,0
DA:16,0
DA:19,0
DA:25,0
DA:27,0
DA:28,0
DA:30,0
DA:31,0
DA:36,0
DA:38,0
DA:39,0
DA:41,0
DA:42,0
DA:43,0
DA:44,0
DA:45,0
DA:48,0
DA:49,0
DA:50,0
DA:51,0
DA:52,0
LF:23
LH:0
end_of_record
SF:lib/Bayes_Theorem/bayes_formula.dart
DA:12,1
DA:13,1
DA:29,1
DA:31,1
DA:33,1
DA:37,1
DA:38,1
DA:40,1
DA:41,0
DA:42,0
DA:44,1
DA:47,1
DA:48,1
DA:55,1
DA:56,1
DA:57,1
DA:59,1
DA:61,1
DA:63,1
DA:64,1
DA:65,1
DA:66,1
DA:76,1
DA:78,1
DA:79,1
DA:82,1
DA:83,1
DA:85,3
DA:87,1
DA:89,1
DA:90,1
DA:91,1
DA:93,1
DA:94,1
DA:95,1
DA:96,1
DA:100,1
DA:101,1
DA:103,1
DA:109,2
DA:112,0
DA:113,0
DA:115,0
DA:116,0
DA:117,0
DA:122,1
DA:123,1
DA:124,1
DA:125,1
DA:127,1
DA:128,1
DA:129,1
DA:133,1
DA:134,1
DA:136,1
DA:142,2
DA:145,0
DA:146,0
DA:148,0
DA:149,0
DA:150,0
DA:157,1
DA:159,1
DA:161,1
DA:162,1
DA:163,1
DA:164,1
DA:165,1
DA:167,1
DA:168,1
DA:169,1
DA:170,1
DA:174,1
DA:175,1
DA:177,1
DA:184,2
DA:187,0
DA:188,0
DA:190,0
DA:191,0
DA:192,0
DA:198,1
DA:199,1
DA:200,1
DA:201,1
DA:203,1
DA:204,1
DA:205,1
DA:206,1
DA:210,1
DA:211,1
DA:213,1
DA:220,2
DA:223,0
DA:224,0
DA:226,0
DA:227,0
DA:228,0
DA:234,1
DA:235,1
DA:236,1
DA:237,1
DA:239,1
DA:240,1
DA:241,1
DA:242,1
DA:244,1
DA:245,1
DA:246,1
DA:247,1
DA:249,1
DA:250,1
DA:251,1
DA:252,1
DA:256,1
DA:257,1
DA:259,1
DA:266,2
DA:269,0
DA:270,0
DA:271,0
DA:273,0
DA:274,0
DA:275,0
DA:281,1
DA:282,1
DA:283,1
DA:284,1
DA:286,1
DA:287,1
DA:288,1
DA:289,1
DA:293,1
DA:294,1
DA:296,1
DA:303,2
DA:306,0
DA:307,0
DA:308,0
DA:310,0
DA:311,0
DA:312,0
DA:318,1
DA:319,1
DA:320,1
DA:321,1
DA:331,1
DA:333,1
DA:335,1
DA:336,1
DA:337,1
DA:338,2
DA:339,3
DA:341,2
DA:342,3
DA:344,1
DA:345,1
DA:346,2
DA:347,3
DA:349,2
DA:350,3
DA:352,1
DA:353,1
DA:354,2
DA:355,3
DA:357,2
DA:358,3
DA:360,1
DA:361,1
DA:362,2
DA:363,3
DA:365,2
DA:366,3
LF:173
LH:139
end_of_record
SF:lib/Bayes_Theorem/bayes_home.dart
DA:15,17
DA:17,2
DA:19,4
DA:20,2
DA:22,2
DA:23,2
DA:24,2
DA:28,2
DA:30,2
DA:31,2
DA:33,2
DA:34,2
DA:35,2
DA:36,2
DA:39,2
DA:41,2
DA:42,2
DA:43,2
DA:45,2
DA:47,1
DA:48,3
DA:55,2
DA:57,2
DA:59,1
DA:60,2
DA:61,1
DA:68,2
DA:70,2
DA:72,1
DA:73,2
DA:74,1
LF:31
LH:31
end_of_record
SF:lib/buttons/main_page_button.dart
DA:8,6
DA:14,6
DA:21,6
DA:23,6
DA:24,6
DA:25,6
DA:26,6
DA:28,6
DA:29,6
DA:30,6
DA:32,12
DA:33,6
DA:34,6
DA:35,6
DA:36,12
LF:15
LH:15
end_of_record
SF:lib/Conditional_Probability/conditional_probability_template.dart
DA:12,5
DA:16,5
DA:18,5
DA:20,10
DA:21,5
DA:23,5
DA:31,5
DA:32,5
DA:33,5
DA:36,5
DA:37,5
DA:44,5
DA:45,5
DA:46,5
DA:48,15
DA:52,5
DA:53,5
DA:55,15
DA:64,5
DA:65,5
DA:67,15
DA:76,5
DA:77,5
DA:79,15
DA:89,5
DA:93,10
DA:94,5
DA:95,10
DA:101,5
LF:29
LH:29
end_of_record
SF:lib/Conditional_Probability/cp_condition_event.dart
DA:12,2
DA:14,1
DA:16,1
DA:25,1
DA:27,2
DA:28,1
DA:29,1
DA:31,1
DA:32,2
DA:33,2
DA:34,1
DA:36,1
DA:37,1
DA:41,1
DA:43,1
DA:44,6
DA:45,1
DA:47,1
DA:48,1
DA:49,1
DA:50,1
DA:56,1
DA:58,1
DA:59,1
DA:60,1
DA:62,1
DA:63,1
DA:64,1
DA:65,2
DA:70,1
DA:72,1
DA:73,1
DA:74,1
DA:75,2
DA:80,1
DA:82,1
DA:83,1
DA:84,1
DA:85,2
DA:99,0
DA:100,0
DA:101,0
DA:102,0
DA:103,0
DA:104,0
DA:105,0
DA:106,0
DA:107,0
LF:48
LH:39
end_of_record
SF:lib/Conditional_Probability/cp_main_sample_space.dart
DA:13,1
DA:16,0
DA:18,0
DA:27,0
DA:29,0
DA:30,0
DA:31,0
DA:33,0
DA:34,0
DA:35,0
DA:37,0
DA:39,0
DA:41,0
DA:42,0
DA:43,0
DA:45,0
DA:49,0
DA:50,0
DA:51,0
DA:52,0
DA:53,0
DA:57,0
DA:60,0
DA:62,0
DA:67,0
DA:69,0
DA:70,0
DA:71,0
DA:73,0
DA:83,0
DA:84,0
DA:85,0
DA:86,0
DA:87,0
DA:89,0
DA:90,0
DA:92,0
DA:93,0
DA:96,0
LF:39
LH:1
end_of_record
SF:lib/Conditional_Probability/event_checkbox.dart
DA:7,3
DA:16,3
DA:26,3
DA:27,3
DA:31,3
DA:33,3
DA:34,9
DA:35,6
DA:36,6
DA:39,15
DA:40,1
DA:41,5
DA:42,1
DA:47,1
DA:48,5
LF:15
LH:15
end_of_record
SF:lib/Conditional_Probability/sample_space_button.dart
DA:7,7
DA:12,6
DA:18,6
DA:20,6
DA:21,6
DA:22,12
DA:23,6
DA:24,6
DA:25,6
DA:26,12
LF:10
LH:10
end_of_record
SF:lib/Conditional_Probability/cp_condition_sample_space.dart
DA:13,0
DA:16,0
DA:18,0
DA:27,0
DA:29,0
DA:30,0
DA:31,0
DA:33,0
DA:34,0
DA:35,0
DA:37,0
DA:39,0
DA:41,0
DA:42,0
DA:43,0
DA:45,0
DA:49,0
DA:50,0
DA:51,0
DA:52,0
DA:53,0
DA:54,0
DA:58,0
DA:61,0
DA:62,0
DA:67,0
DA:69,0
DA:70,0
DA:71,0
DA:73,0
DA:83,0
DA:84,0
DA:85,0
DA:86,0
DA:87,0
DA:89,0
DA:90,0
DA:92,0
DA:93,0
DA:96,0
LF:40
LH:0
end_of_record
SF:lib/Conditional_Probability/cp_venn_diagram_caption.dart
DA:13,0
DA:16,0
DA:18,0
DA:24,0
DA:26,0
DA:27,0
DA:28,0
DA:30,0
DA:31,0
DA:32,0
DA:33,0
DA:35,0
DA:37,0
DA:42,0
DA:44,0
DA:47,0
DA:48,0
DA:49,0
DA:51,0
DA:52,0
LF:20
LH:0
end_of_record
SF:lib/Conditional_Probability/cp_formula_solution.dart
DA:16,0
DA:19,0
DA:21,0
DA:28,0
DA:30,0
DA:31,0
DA:32,0
DA:33,0
DA:34,0
DA:35,0
DA:36,0
DA:37,0
DA:39,0
DA:40,0
DA:41,0
DA:43,0
DA:44,0
DA:45,0
DA:46,0
DA:48,0
DA:50,0
DA:51,0
DA:53,0
DA:55,0
DA:56,0
DA:58,0
DA:59,0
DA:61,0
DA:64,0
DA:66,0
DA:69,0
DA:71,0
DA:73,0
DA:74,0
DA:76,0
DA:78,0
DA:79,0
DA:80,0
DA:81,0
DA:82,0
DA:83,0
DA:85,0
DA:87,0
DA:89,0
DA:90,0
DA:91,0
DA:92,0
DA:93,0
DA:94,0
DA:96,0
DA:98,0
DA:103,0
DA:104,0
DA:105,0
DA:110,0
DA:114,0
DA:115,0
DA:119,0
DA:120,0
DA:121,0
DA:122,0
DA:129,0
DA:131,0
DA:132,0
LF:64
LH:0
end_of_record
SF:lib/Conditional_Probability/venn_diagram.dart
DA:8,0
DA:10,0
DA:12,0
DA:13,0
DA:21,0
DA:40,0
DA:42,0
DA:43,0
DA:44,0
DA:45,0
DA:46,0
DA:49,0
DA:50,0
DA:52,0
DA:55,0
DA:56,0
DA:58,0
DA:61,0
DA:62,0
DA:64,0
DA:68,0
DA:70,0
DA:71,0
DA:72,0
DA:73,0
DA:74,0
DA:75,0
DA:77,0
DA:79,0
DA:80,0
DA:81,0
DA:84,0
DA:86,0
DA:87,0
DA:91,0
DA:92,0
DA:95,0
DA:96,0
DA:99,0
DA:100,0
DA:103,0
DA:104,0
DA:105,0
DA:106,0
DA:108,0
DA:109,0
DA:110,0
DA:111,0
DA:112,0
DA:113,0
DA:116,0
DA:119,0
DA:120,0
DA:121,0
DA:123,0
DA:131,0
DA:133,0
DA:134,0
DA:137,0
DA:139,0
DA:141,0
DA:143,0
LF:62
LH:0
end_of_record
SF:lib/Conditional_Probability/cp_home.dart
DA:13,18
DA:15,0
DA:17,3
DA:19,6
DA:20,3
DA:21,3
DA:23,3
DA:24,6
DA:25,6
DA:26,3
DA:28,3
DA:29,3
DA:35,3
DA:36,0
DA:37,0
LF:15
LH:12
end_of_record
SF:lib/Conditional_Probability/cp_main_event.dart
DA:13,1
DA:15,1
DA:24,1
DA:26,2
DA:27,1
DA:28,1
DA:30,1
DA:31,2
DA:32,2
DA:33,1
DA:35,1
DA:36,1
DA:40,1
DA:42,1
DA:44,1
DA:46,1
DA:47,1
DA:48,1
DA:49,1
DA:55,1
DA:57,1
DA:58,1
DA:59,1
DA:61,1
DA:62,1
DA:63,1
DA:64,2
DA:68,1
DA:70,1
DA:71,1
DA:72,1
DA:73,2
DA:77,1
DA:79,1
DA:80,1
DA:81,1
DA:82,2
DA:95,0
DA:96,0
DA:97,0
DA:98,0
DA:99,0
DA:100,0
DA:101,0
DA:102,0
DA:103,0
LF:46
LH:37
end_of_record
SF:lib/Conditional_Probability/cp_venn_diagram.dart
DA:17,0
DA:19,0
DA:21,0
DA:28,0
DA:30,0
DA:31,0
DA:32,0
DA:34,0
DA:35,0
DA:36,0
DA:37,0
DA:39,0
DA:41,0
DA:42,0
DA:43,0
DA:45,0
DA:46,0
DA:47,0
DA:48,0
DA:49,0
DA:50,0
DA:51,0
DA:52,0
DA:53,0
DA:54,0
DA:55,0
DA:56,0
DA:57,0
DA:58,0
DA:59,0
DA:63,0
DA:64,0
DA:66,0
DA:67,0
LF:34
LH:0
end_of_record
SF:lib/Conditional_Probability/cp_venn_solution.dart
DA:15,0
DA:18,0
DA:20,0
DA:27,0
DA:29,0
DA:30,0
DA:31,0
DA:32,0
DA:33,0
DA:34,0
DA:35,0
DA:36,0
DA:38,0
DA:39,0
DA:40,0
DA:42,0
DA:43,0
DA:44,0
DA:45,0
DA:47,0
DA:49,0
DA:50,0
DA:52,0
DA:54,0
DA:55,0
DA:57,0
DA:59,0
DA:60,0
DA:61,0
DA:62,0
DA:63,0
DA:64,0
DA:67,0
DA:68,0
DA:69,0
DA:70,0
DA:71,0
DA:72,0
DA:75,0
DA:76,0
DA:77,0
DA:78,0
DA:79,0
DA:80,0
DA:85,0
DA:86,0
DA:88,0
DA:89,0
LF:48
LH:0
end_of_record
SF:lib/Monty_Hall_Problem/door.dart
DA:8,3
DA:12,3
DA:17,3
DA:19,3
DA:20,3
DA:21,3
DA:23,3
DA:24,3
DA:28,3
DA:29,9
DA:30,3
DA:31,3
DA:32,3
DA:39,13
DA:41,3
DA:45,3
DA:46,9
DA:56,1
DA:57,3
DA:58,0
DA:64,1
DA:73,3
DA:74,3
DA:76,1
DA:77,1
DA:79,1
DA:84,3
DA:85,3
DA:87,1
LF:29
LH:28
end_of_record
SF:lib/Monty_Hall_Problem/dropdown_selection.dart
DA:8,3
DA:15,3
DA:23,3
DA:25,3
DA:26,3
DA:27,3
DA:33,3
DA:34,3
DA:35,3
DA:40,3
DA:42,3
LF:11
LH:11
end_of_record
SF:lib/Monty_Hall_Problem/monty_hall_game.dart
DA:23,1
DA:24,1
DA:26,1
DA:28,1
DA:29,1
DA:33,1
DA:35,2
DA:36,1
DA:38,1
DA:42,1
DA:43,1
DA:45,1
DA:46,1
DA:47,1
DA:48,0
DA:49,0
DA:51,1
DA:54,1
DA:55,1
DA:67,1
DA:68,1
DA:69,1
DA:72,1
DA:74,1
DA:77,1
DA:79,3
DA:83,1
DA:86,1
DA:88,4
DA:89,1
DA:90,1
DA:92,3
DA:98,1
DA:112,1
DA:113,4
DA:114,1
DA:115,2
DA:117,0
DA:118,0
DA:120,0
DA:121,0
DA:123,0
DA:126,0
DA:128,0
DA:129,0
DA:131,0
DA:132,0
DA:133,0
DA:140,0
DA:142,0
DA:143,0
DA:144,0
DA:153,0
DA:155,0
DA:156,0
DA:157,0
DA:160,0
DA:163,0
DA:165,0
DA:166,0
DA:167,0
DA:177,0
DA:178,0
DA:179,0
DA:184,1
DA:186,3
DA:188,1
DA:191,4
DA:192,0
DA:196,1
LF:70
LH:40
end_of_record
SF:lib/Monty_Hall_Problem/monty_hall_simulation.dart
DA:20,2
DA:21,2
DA:22,2
DA:24,2
DA:25,2
DA:40,2
DA:42,4
DA:43,2
DA:45,2
DA:49,2
DA:50,2
DA:52,2
DA:53,2
DA:54,2
DA:55,0
DA:56,0
DA:58,2
DA:61,2
DA:62,2
DA:74,2
DA:75,2
DA:76,2
DA:79,2
DA:81,2
DA:84,2
DA:86,6
DA:90,2
DA:93,2
DA:95,8
DA:96,2
DA:97,2
DA:99,6
DA:105,2
DA:106,0
DA:115,2
DA:116,2
DA:122,2
DA:124,2
DA:127,2
DA:128,2
DA:130,2
DA:131,6
DA:132,2
DA:134,2
DA:135,2
DA:136,2
DA:137,2
DA:138,2
DA:139,2
DA:142,2
DA:143,0
DA:145,0
DA:146,0
DA:154,2
DA:156,2
DA:157,6
DA:158,2
DA:160,2
DA:161,2
DA:162,2
DA:163,2
DA:164,2
DA:165,2
DA:168,2
DA:169,0
DA:170,0
DA:172,0
DA:181,2
DA:182,0
DA:183,0
DA:184,0
DA:186,0
DA:187,0
DA:188,0
DA:189,0
DA:192,2
DA:196,2
DA:197,2
DA:199,2
DA:201,2
DA:202,2
DA:203,2
DA:204,2
DA:218,2
DA:219,6
DA:223,0
DA:224,0
DA:228,2
DA:230,6
DA:232,2
DA:237,2
DA:241,0
DA:242,0
DA:243,0
DA:244,0
DA:247,0
DA:249,0
DA:251,0
DA:253,0
DA:257,0
DA:259,0
DA:260,0
LF:102
LH:73
end_of_record
SF:lib/buttons/monty_hall_button.dart
DA:7,1
DA:13,1
DA:20,1
DA:22,1
DA:23,1
DA:24,1
DA:25,1
DA:27,1
DA:28,1
DA:29,1
DA:31,2
DA:32,1
DA:33,1
DA:34,1
DA:35,2
LF:15
LH:15
end_of_record
SF:lib/Monty_Hall_Problem/monty_hall_home.dart
DA:14,17
DA:16,2
DA:18,4
DA:19,2
DA:21,2
DA:22,2
DA:23,2
DA:27,2
DA:29,2
DA:30,2
DA:32,2
DA:33,2
DA:34,2
DA:35,2
DA:39,2
DA:41,2
DA:42,2
DA:43,2
DA:45,2
DA:47,1
DA:48,3
DA:52,2
DA:54,2
DA:56,1
DA:57,3
LF:25
LH:25
end_of_record
SF:lib/homepage.dart
DA:14,19
DA:16,3
DA:18,6
DA:19,3
DA:21,3
DA:22,3
DA:23,3
DA:27,3
DA:29,3
DA:30,3
DA:32,3
DA:33,3
DA:34,3
DA:35,3
DA:39,3
DA:41,3
DA:42,3
DA:43,3
DA:45,3
DA:47,1
DA:48,2
DA:52,3
DA:54,3
DA:56,1
DA:57,2
DA:62,3
DA:64,3
DA:66,1
DA:67,2
LF:29
LH:29
end_of_record
